<?xml version="1.0" encoding="UTF-8"?>
<coverage generated="1589358047447" clover="3.2.0">
  <project timestamp="1589358047448" name="All files">
    <metrics statements="25" coveredstatements="25" conditionals="20" coveredconditionals="18" methods="5" coveredmethods="5" elements="50" coveredelements="48" complexity="0" loc="25" ncloc="25" packages="1" files="1" classes="1"/>
    <file name="trans-length.js" path="D:\xujing\test\refactor\trans-length.js">
      <metrics statements="25" coveredstatements="25" conditionals="20" coveredconditionals="18" methods="5" coveredmethods="5"/>
      <line num="7" count="1" type="stmt"/>
      <line num="8" count="1" type="stmt"/>
      <line num="9" count="1" type="stmt"/>
      <line num="13" count="16" type="stmt"/>
      <line num="14" count="16" type="stmt"/>
      <line num="18" count="9" type="stmt"/>
      <line num="22" count="1" type="stmt"/>
      <line num="27" count="8" type="stmt"/>
      <line num="29" count="8" type="cond" truecount="2" falsecount="0"/>
      <line num="30" count="3" type="cond" truecount="2" falsecount="0"/>
      <line num="31" count="1" type="stmt"/>
      <line num="32" count="2" type="cond" truecount="2" falsecount="0"/>
      <line num="33" count="1" type="stmt"/>
      <line num="37" count="8" type="cond" truecount="2" falsecount="0"/>
      <line num="38" count="3" type="cond" truecount="2" falsecount="0"/>
      <line num="39" count="2" type="stmt"/>
      <line num="40" count="1" type="cond" truecount="1" falsecount="1"/>
      <line num="41" count="1" type="stmt"/>
      <line num="45" count="8" type="cond" truecount="2" falsecount="0"/>
      <line num="48" count="2" type="cond" truecount="2" falsecount="0"/>
      <line num="49" count="1" type="stmt"/>
      <line num="52" count="1" type="cond" truecount="1" falsecount="1"/>
      <line num="53" count="1" type="stmt"/>
      <line num="57" count="8" type="stmt"/>
      <line num="61" count="1" type="cond" truecount="2" falsecount="0"/>
    </file>
  </project>
</coverage>
