<?xml version="1.0" encoding="UTF-8"?>
<coverage generated="1589356703058" clover="3.2.0">
  <project timestamp="1589356703058" name="All files">
    <metrics statements="22" coveredstatements="22" conditionals="20" coveredconditionals="18" methods="5" coveredmethods="5" elements="47" coveredelements="45" complexity="0" loc="22" ncloc="22" packages="1" files="1" classes="1"/>
    <file name="trans-length.js" path="D:\xujing\test\refactor\trans-length.js">
      <metrics statements="22" coveredstatements="22" conditionals="20" coveredconditionals="18" methods="5" coveredmethods="5"/>
      <line num="9" count="16" type="stmt"/>
      <line num="10" count="16" type="stmt"/>
      <line num="14" count="9" type="stmt"/>
      <line num="18" count="1" type="stmt"/>
      <line num="23" count="8" type="stmt"/>
      <line num="25" count="8" type="cond" truecount="2" falsecount="0"/>
      <line num="26" count="3" type="cond" truecount="2" falsecount="0"/>
      <line num="27" count="1" type="stmt"/>
      <line num="28" count="2" type="cond" truecount="2" falsecount="0"/>
      <line num="29" count="1" type="stmt"/>
      <line num="33" count="8" type="cond" truecount="2" falsecount="0"/>
      <line num="34" count="3" type="cond" truecount="2" falsecount="0"/>
      <line num="35" count="2" type="stmt"/>
      <line num="36" count="1" type="cond" truecount="1" falsecount="1"/>
      <line num="37" count="1" type="stmt"/>
      <line num="41" count="8" type="cond" truecount="2" falsecount="0"/>
      <line num="44" count="2" type="cond" truecount="2" falsecount="0"/>
      <line num="45" count="1" type="stmt"/>
      <line num="48" count="1" type="cond" truecount="1" falsecount="1"/>
      <line num="49" count="1" type="stmt"/>
      <line num="53" count="8" type="stmt"/>
      <line num="57" count="1" type="cond" truecount="2" falsecount="0"/>
    </file>
  </project>
</coverage>
