TN:
SF:trans-length.js
FN:8,(anonymous_0)
FN:13,(anonymous_1)
FN:17,(anonymous_2)
FN:22,(anonymous_3)
FN:56,(anonymous_4)
FNF:5
FNH:5
FNDA:16,(anonymous_0)
FNDA:9,(anonymous_1)
FNDA:1,(anonymous_2)
FNDA:8,(anonymous_3)
FNDA:1,(anonymous_4)
DA:9,16
DA:10,16
DA:14,9
DA:18,1
DA:23,8
DA:25,8
DA:26,3
DA:27,1
DA:28,2
DA:29,1
DA:33,8
DA:34,3
DA:35,2
DA:36,1
DA:37,1
DA:41,8
DA:44,2
DA:45,1
DA:48,1
DA:49,1
DA:53,8
DA:57,1
LF:22
LH:22
BRDA:25,0,0,3
BRDA:25,0,1,5
BRDA:26,1,0,1
BRDA:26,1,1,2
BRDA:28,2,0,1
BRDA:28,2,1,1
BRDA:33,3,0,3
BRDA:33,3,1,5
BRDA:34,4,0,2
BRDA:34,4,1,1
BRDA:36,5,0,1
BRDA:36,5,1,0
BRDA:41,6,0,2
BRDA:41,6,1,6
BRDA:44,7,0,1
BRDA:44,7,1,1
BRDA:48,8,0,1
BRDA:48,8,1,0
BRDA:57,9,0,1
BRDA:57,9,1,1
BRF:20
BRH:18
end_of_record
