TN:
SF:trans-length.js
FN:12,(anonymous_0)
FN:17,(anonymous_1)
FN:21,(anonymous_2)
FN:26,(anonymous_3)
FN:60,(anonymous_4)
FNF:5
FNH:5
FNDA:16,(anonymous_0)
FNDA:9,(anonymous_1)
FNDA:1,(anonymous_2)
FNDA:8,(anonymous_3)
FNDA:1,(anonymous_4)
DA:7,1
DA:8,1
DA:9,1
DA:13,16
DA:14,16
DA:18,9
DA:22,1
DA:27,8
DA:29,8
DA:30,3
DA:31,1
DA:32,2
DA:33,1
DA:37,8
DA:38,3
DA:39,2
DA:40,1
DA:41,1
DA:45,8
DA:48,2
DA:49,1
DA:52,1
DA:53,1
DA:57,8
DA:61,1
LF:25
LH:25
BRDA:29,0,0,3
BRDA:29,0,1,5
BRDA:30,1,0,1
BRDA:30,1,1,2
BRDA:32,2,0,1
BRDA:32,2,1,1
BRDA:37,3,0,3
BRDA:37,3,1,5
BRDA:38,4,0,2
BRDA:38,4,1,1
BRDA:40,5,0,1
BRDA:40,5,1,0
BRDA:45,6,0,2
BRDA:45,6,1,6
BRDA:48,7,0,1
BRDA:48,7,1,1
BRDA:52,8,0,1
BRDA:52,8,1,0
BRDA:61,9,0,1
BRDA:61,9,1,1
BRF:20
BRH:18
end_of_record
